<?xml version="1.0" encoding="UTF-8"?>
<!-- Generated by org.testng.reporters.JUnitReportReporter -->
<testsuite hostname="DESKTOP-OBQ4GS8" failures="0" tests="1" name="hospital_management.Login" time="85.246" errors="0" timestamp="11 Mar 2024 07:33:35 GMT" skipped="0">
  <testcase classname="hospital_management.Login" name="test" time="85.246"/>
</testsuite> <!-- hospital_management.Login -->
